<?xml version="1.0" encoding="UTF-8"?>
<!-- Generated by org.testng.reporters.JUnitXMLReporter -->
<testsuite ignored="0" hostname="Shubhzz" failures="3" tests="8" name="Test" time="195.398" errors="0" timestamp="2022-12-28T13:38:36 IST">
  <testcase classname="com.tutorialninja.qa.testcases.Login" name="verifyLoginWithValidCredential" time="0.671"/>
  <testcase classname="com.tutorialninja.qa.testcases.Login" name="verifyWithInvalidCredential" time="0.514">
    <failure type="java.lang.AssertionError" message="Expected warning message is displyed expected [true] but found [false]">
      <![CDATA[java.lang.AssertionError: Expected warning message is displyed expected [true] but found [false]
at com.tutorialninja.qa.testcases.Login.verifyWithInvalidCredential(Login.java:44)
at java.base/java.util.ArrayList.forEach(ArrayList.java:1511)
... Removed 28 stack frames]]>
    </failure>
  </testcase> <!-- verifyWithInvalidCredential -->
  <testcase classname="com.tutorialninja.qa.testcases.Login" name="verifyLoginWithValidMailInvalidPassword" time="0.501">
    <failure type="java.lang.AssertionError" message="Expected warning message is displyed expected [true] but found [false]">
      <![CDATA[java.lang.AssertionError: Expected warning message is displyed expected [true] but found [false]
at com.tutorialninja.qa.testcases.Login.verifyLoginWithValidMailInvalidPassword(Login.java:54)
at java.base/java.util.ArrayList.forEach(ArrayList.java:1511)
... Removed 28 stack frames]]>
    </failure>
  </testcase> <!-- verifyLoginWithValidMailInvalidPassword -->
  <testcase classname="com.tutorialninja.qa.testcases.Login" name="verifyLoginWithInvalidMailAndValidPassword" time="0.693">
    <failure type="java.lang.AssertionError" message="Expected warning message is displyed expected [true] but found [false]">
      <![CDATA[java.lang.AssertionError: Expected warning message is displyed expected [true] but found [false]
at com.tutorialninja.qa.testcases.Login.verifyLoginWithInvalidMailAndValidPassword(Login.java:65)
at java.base/java.util.ArrayList.forEach(ArrayList.java:1511)
... Removed 28 stack frames]]>
    </failure>
  </testcase> <!-- verifyLoginWithInvalidMailAndValidPassword -->
  <testcase classname="com.tutorialninja.qa.testcases.Register" name="verifyRegisterAccountWithmandatoryfield" time="1.733"/>
  <testcase classname="com.tutorialninja.qa.testcases.Search" name="VerifySearchwithValidProduct" time="2.271"/>
  <testcase classname="com.tutorialninja.qa.testcases.Search" name="VerifySearchWithinvalidProduct" time="1.368"/>
  <testcase classname="com.tutorialninja.qa.testcases.Search" name="VerifySearchWithoutAnySearchingProduct" time="0.047"/>
</testsuite> <!-- Test -->
